[0.211s] DEBUG:colcon:Command line arguments: ['/usr/bin/colcon', 'list', '-p', '--base-paths', '/home/jaiaditya/Lab4']
[0.211s] DEBUG:colcon:Parsed command line arguments: Namespace(log_base=None, log_level=None, verb_name='list', build_base='build', ignore_user_meta=False, metas=['./colcon.meta'], base_paths=['/home/jaiaditya/Lab4'], packages_ignore=None, packages_ignore_regex=None, paths=None, packages_up_to=None, packages_up_to_regex=None, packages_above=None, packages_above_and_dependencies=None, packages_above_depth=None, packages_select_by_dep=None, packages_skip_by_dep=None, packages_skip_up_to=None, packages_select_build_failed=False, packages_skip_build_finished=False, packages_select_test_failures=False, packages_skip_test_passed=False, packages_select=None, packages_skip=None, packages_select_regex=None, packages_skip_regex=None, packages_start=None, packages_end=None, allow_overriding=[], topological_order=False, names_only=False, paths_only=True, topological_graph=False, topological_graph_dot=False, topological_graph_density=False, topological_graph_legend=False, topological_graph_dot_cluster=False, topological_graph_dot_include_skipped=False, mixin_files=None, mixin=None, verb_parser=<colcon_mixin.mixin.mixin_argument.MixinArgumentDecorator object at 0x754963c680a0>, verb_extension=<colcon_package_information.verb.list.ListVerb object at 0x754963de05e0>, main=<bound method ListVerb.main of <colcon_package_information.verb.list.ListVerb object at 0x754963de05e0>>, mixin_verb=('list',))
[0.572s] Level 1:colcon.colcon_core.package_discovery:discover_packages(colcon_meta) check parameters
[0.572s] Level 1:colcon.colcon_core.package_discovery:discover_packages(recursive) check parameters
[0.572s] Level 1:colcon.colcon_core.package_discovery:discover_packages(ignore) check parameters
[0.572s] Level 1:colcon.colcon_core.package_discovery:discover_packages(path) check parameters
[0.572s] Level 1:colcon.colcon_core.package_discovery:discover_packages(recursive) discover
[0.573s] INFO:colcon.colcon_core.package_discovery:Crawling recursively for packages in '/home/jaiaditya/Lab4'
[0.573s] Level 1:colcon.colcon_core.package_identification:_identify(/home/jaiaditya/Lab4) by extensions ['ignore', 'ignore_ament_install']
[0.573s] Level 1:colcon.colcon_core.package_identification:_identify(/home/jaiaditya/Lab4) by extension 'ignore'
[0.573s] Level 1:colcon.colcon_core.package_identification:_identify(/home/jaiaditya/Lab4) by extension 'ignore_ament_install'
[0.573s] Level 1:colcon.colcon_core.package_identification:_identify(/home/jaiaditya/Lab4) by extensions ['colcon_pkg']
[0.573s] Level 1:colcon.colcon_core.package_identification:_identify(/home/jaiaditya/Lab4) by extension 'colcon_pkg'
[0.573s] Level 1:colcon.colcon_core.package_identification:_identify(/home/jaiaditya/Lab4) by extensions ['colcon_meta']
[0.573s] Level 1:colcon.colcon_core.package_identification:_identify(/home/jaiaditya/Lab4) by extension 'colcon_meta'
[0.573s] Level 1:colcon.colcon_core.package_identification:_identify(/home/jaiaditya/Lab4) by extensions ['ros']
[0.573s] Level 1:colcon.colcon_core.package_identification:_identify(/home/jaiaditya/Lab4) by extension 'ros'
[0.598s] Level 1:colcon.colcon_core.package_identification:_identify(/home/jaiaditya/Lab4) by extensions ['cmake', 'python']
[0.598s] Level 1:colcon.colcon_core.package_identification:_identify(/home/jaiaditya/Lab4) by extension 'cmake'
[0.598s] Level 1:colcon.colcon_core.package_identification:_identify(/home/jaiaditya/Lab4) by extension 'python'
[0.598s] Level 1:colcon.colcon_core.package_identification:_identify(/home/jaiaditya/Lab4) by extensions ['python_setup_py']
[0.598s] Level 1:colcon.colcon_core.package_identification:_identify(/home/jaiaditya/Lab4) by extension 'python_setup_py'
[0.599s] Level 1:colcon.colcon_core.package_identification:_identify(/home/jaiaditya/Lab4/analysis) by extensions ['ignore', 'ignore_ament_install']
[0.599s] Level 1:colcon.colcon_core.package_identification:_identify(/home/jaiaditya/Lab4/analysis) by extension 'ignore'
[0.599s] Level 1:colcon.colcon_core.package_identification:_identify(/home/jaiaditya/Lab4/analysis) by extension 'ignore_ament_install'
[0.599s] Level 1:colcon.colcon_core.package_identification:_identify(/home/jaiaditya/Lab4/analysis) by extensions ['colcon_pkg']
[0.599s] Level 1:colcon.colcon_core.package_identification:_identify(/home/jaiaditya/Lab4/analysis) by extension 'colcon_pkg'
[0.599s] Level 1:colcon.colcon_core.package_identification:_identify(/home/jaiaditya/Lab4/analysis) by extensions ['colcon_meta']
[0.599s] Level 1:colcon.colcon_core.package_identification:_identify(/home/jaiaditya/Lab4/analysis) by extension 'colcon_meta'
[0.599s] Level 1:colcon.colcon_core.package_identification:_identify(/home/jaiaditya/Lab4/analysis) by extensions ['ros']
[0.599s] Level 1:colcon.colcon_core.package_identification:_identify(/home/jaiaditya/Lab4/analysis) by extension 'ros'
[0.599s] Level 1:colcon.colcon_core.package_identification:_identify(/home/jaiaditya/Lab4/analysis) by extensions ['cmake', 'python']
[0.599s] Level 1:colcon.colcon_core.package_identification:_identify(/home/jaiaditya/Lab4/analysis) by extension 'cmake'
[0.599s] Level 1:colcon.colcon_core.package_identification:_identify(/home/jaiaditya/Lab4/analysis) by extension 'python'
[0.599s] Level 1:colcon.colcon_core.package_identification:_identify(/home/jaiaditya/Lab4/analysis) by extensions ['python_setup_py']
[0.600s] Level 1:colcon.colcon_core.package_identification:_identify(/home/jaiaditya/Lab4/analysis) by extension 'python_setup_py'
[0.600s] Level 1:colcon.colcon_core.package_identification:_identify(/home/jaiaditya/Lab4/data) by extensions ['ignore', 'ignore_ament_install']
[0.600s] Level 1:colcon.colcon_core.package_identification:_identify(/home/jaiaditya/Lab4/data) by extension 'ignore'
[0.600s] Level 1:colcon.colcon_core.package_identification:_identify(/home/jaiaditya/Lab4/data) by extension 'ignore_ament_install'
[0.600s] Level 1:colcon.colcon_core.package_identification:_identify(/home/jaiaditya/Lab4/data) by extensions ['colcon_pkg']
[0.600s] Level 1:colcon.colcon_core.package_identification:_identify(/home/jaiaditya/Lab4/data) by extension 'colcon_pkg'
[0.600s] Level 1:colcon.colcon_core.package_identification:_identify(/home/jaiaditya/Lab4/data) by extensions ['colcon_meta']
[0.601s] Level 1:colcon.colcon_core.package_identification:_identify(/home/jaiaditya/Lab4/data) by extension 'colcon_meta'
[0.601s] Level 1:colcon.colcon_core.package_identification:_identify(/home/jaiaditya/Lab4/data) by extensions ['ros']
[0.601s] Level 1:colcon.colcon_core.package_identification:_identify(/home/jaiaditya/Lab4/data) by extension 'ros'
[0.601s] Level 1:colcon.colcon_core.package_identification:_identify(/home/jaiaditya/Lab4/data) by extensions ['cmake', 'python']
[0.601s] Level 1:colcon.colcon_core.package_identification:_identify(/home/jaiaditya/Lab4/data) by extension 'cmake'
[0.601s] Level 1:colcon.colcon_core.package_identification:_identify(/home/jaiaditya/Lab4/data) by extension 'python'
[0.601s] Level 1:colcon.colcon_core.package_identification:_identify(/home/jaiaditya/Lab4/data) by extensions ['python_setup_py']
[0.601s] Level 1:colcon.colcon_core.package_identification:_identify(/home/jaiaditya/Lab4/data) by extension 'python_setup_py'
[0.602s] Level 1:colcon.colcon_core.package_identification:_identify(/home/jaiaditya/Lab4/data/data_driving) by extensions ['ignore', 'ignore_ament_install']
[0.602s] Level 1:colcon.colcon_core.package_identification:_identify(/home/jaiaditya/Lab4/data/data_driving) by extension 'ignore'
[0.602s] Level 1:colcon.colcon_core.package_identification:_identify(/home/jaiaditya/Lab4/data/data_driving) by extension 'ignore_ament_install'
[0.602s] Level 1:colcon.colcon_core.package_identification:_identify(/home/jaiaditya/Lab4/data/data_driving) by extensions ['colcon_pkg']
[0.602s] Level 1:colcon.colcon_core.package_identification:_identify(/home/jaiaditya/Lab4/data/data_driving) by extension 'colcon_pkg'
[0.602s] Level 1:colcon.colcon_core.package_identification:_identify(/home/jaiaditya/Lab4/data/data_driving) by extensions ['colcon_meta']
[0.602s] Level 1:colcon.colcon_core.package_identification:_identify(/home/jaiaditya/Lab4/data/data_driving) by extension 'colcon_meta'
[0.602s] Level 1:colcon.colcon_core.package_identification:_identify(/home/jaiaditya/Lab4/data/data_driving) by extensions ['ros']
[0.603s] Level 1:colcon.colcon_core.package_identification:_identify(/home/jaiaditya/Lab4/data/data_driving) by extension 'ros'
[0.603s] Level 1:colcon.colcon_core.package_identification:_identify(/home/jaiaditya/Lab4/data/data_driving) by extensions ['cmake', 'python']
[0.603s] Level 1:colcon.colcon_core.package_identification:_identify(/home/jaiaditya/Lab4/data/data_driving) by extension 'cmake'
[0.603s] Level 1:colcon.colcon_core.package_identification:_identify(/home/jaiaditya/Lab4/data/data_driving) by extension 'python'
[0.603s] Level 1:colcon.colcon_core.package_identification:_identify(/home/jaiaditya/Lab4/data/data_driving) by extensions ['python_setup_py']
[0.603s] Level 1:colcon.colcon_core.package_identification:_identify(/home/jaiaditya/Lab4/data/data_driving) by extension 'python_setup_py'
[0.603s] Level 1:colcon.colcon_core.package_identification:_identify(/home/jaiaditya/Lab4/data/data_going_in_circles) by extensions ['ignore', 'ignore_ament_install']
[0.604s] Level 1:colcon.colcon_core.package_identification:_identify(/home/jaiaditya/Lab4/data/data_going_in_circles) by extension 'ignore'
[0.604s] Level 1:colcon.colcon_core.package_identification:_identify(/home/jaiaditya/Lab4/data/data_going_in_circles) by extension 'ignore_ament_install'
[0.604s] Level 1:colcon.colcon_core.package_identification:_identify(/home/jaiaditya/Lab4/data/data_going_in_circles) by extensions ['colcon_pkg']
[0.604s] Level 1:colcon.colcon_core.package_identification:_identify(/home/jaiaditya/Lab4/data/data_going_in_circles) by extension 'colcon_pkg'
[0.604s] Level 1:colcon.colcon_core.package_identification:_identify(/home/jaiaditya/Lab4/data/data_going_in_circles) by extensions ['colcon_meta']
[0.604s] Level 1:colcon.colcon_core.package_identification:_identify(/home/jaiaditya/Lab4/data/data_going_in_circles) by extension 'colcon_meta'
[0.604s] Level 1:colcon.colcon_core.package_identification:_identify(/home/jaiaditya/Lab4/data/data_going_in_circles) by extensions ['ros']
[0.604s] Level 1:colcon.colcon_core.package_identification:_identify(/home/jaiaditya/Lab4/data/data_going_in_circles) by extension 'ros'
[0.605s] Level 1:colcon.colcon_core.package_identification:_identify(/home/jaiaditya/Lab4/data/data_going_in_circles) by extensions ['cmake', 'python']
[0.605s] Level 1:colcon.colcon_core.package_identification:_identify(/home/jaiaditya/Lab4/data/data_going_in_circles) by extension 'cmake'
[0.605s] Level 1:colcon.colcon_core.package_identification:_identify(/home/jaiaditya/Lab4/data/data_going_in_circles) by extension 'python'
[0.605s] Level 1:colcon.colcon_core.package_identification:_identify(/home/jaiaditya/Lab4/data/data_going_in_circles) by extensions ['python_setup_py']
[0.605s] Level 1:colcon.colcon_core.package_identification:_identify(/home/jaiaditya/Lab4/data/data_going_in_circles) by extension 'python_setup_py'
[0.605s] Level 1:colcon.colcon_core.package_identification:_identify(/home/jaiaditya/Lab4/log) by extensions ['ignore', 'ignore_ament_install']
[0.606s] Level 1:colcon.colcon_core.package_identification:_identify(/home/jaiaditya/Lab4/log) by extension 'ignore'
[0.606s] Level 1:colcon.colcon_core.package_identification:_identify(/home/jaiaditya/Lab4/log) ignored
[0.606s] Level 1:colcon.colcon_core.package_identification:_identify(/home/jaiaditya/Lab4/src) by extensions ['ignore', 'ignore_ament_install']
[0.606s] Level 1:colcon.colcon_core.package_identification:_identify(/home/jaiaditya/Lab4/src) by extension 'ignore'
[0.606s] Level 1:colcon.colcon_core.package_identification:_identify(/home/jaiaditya/Lab4/src) by extension 'ignore_ament_install'
[0.607s] Level 1:colcon.colcon_core.package_identification:_identify(/home/jaiaditya/Lab4/src) by extensions ['colcon_pkg']
[0.607s] Level 1:colcon.colcon_core.package_identification:_identify(/home/jaiaditya/Lab4/src) by extension 'colcon_pkg'
[0.607s] Level 1:colcon.colcon_core.package_identification:_identify(/home/jaiaditya/Lab4/src) by extensions ['colcon_meta']
[0.607s] Level 1:colcon.colcon_core.package_identification:_identify(/home/jaiaditya/Lab4/src) by extension 'colcon_meta'
[0.607s] Level 1:colcon.colcon_core.package_identification:_identify(/home/jaiaditya/Lab4/src) by extensions ['ros']
[0.607s] Level 1:colcon.colcon_core.package_identification:_identify(/home/jaiaditya/Lab4/src) by extension 'ros'
[0.607s] Level 1:colcon.colcon_core.package_identification:_identify(/home/jaiaditya/Lab4/src) by extensions ['cmake', 'python']
[0.607s] Level 1:colcon.colcon_core.package_identification:_identify(/home/jaiaditya/Lab4/src) by extension 'cmake'
[0.607s] Level 1:colcon.colcon_core.package_identification:_identify(/home/jaiaditya/Lab4/src) by extension 'python'
[0.607s] Level 1:colcon.colcon_core.package_identification:_identify(/home/jaiaditya/Lab4/src) by extensions ['python_setup_py']
[0.607s] Level 1:colcon.colcon_core.package_identification:_identify(/home/jaiaditya/Lab4/src) by extension 'python_setup_py'
[0.608s] Level 1:colcon.colcon_core.package_identification:_identify(/home/jaiaditya/Lab4/src/gps_msgs) by extensions ['ignore', 'ignore_ament_install']
[0.608s] Level 1:colcon.colcon_core.package_identification:_identify(/home/jaiaditya/Lab4/src/gps_msgs) by extension 'ignore'
[0.608s] Level 1:colcon.colcon_core.package_identification:_identify(/home/jaiaditya/Lab4/src/gps_msgs) by extension 'ignore_ament_install'
[0.608s] Level 1:colcon.colcon_core.package_identification:_identify(/home/jaiaditya/Lab4/src/gps_msgs) by extensions ['colcon_pkg']
[0.608s] Level 1:colcon.colcon_core.package_identification:_identify(/home/jaiaditya/Lab4/src/gps_msgs) by extension 'colcon_pkg'
[0.608s] Level 1:colcon.colcon_core.package_identification:_identify(/home/jaiaditya/Lab4/src/gps_msgs) by extensions ['colcon_meta']
[0.608s] Level 1:colcon.colcon_core.package_identification:_identify(/home/jaiaditya/Lab4/src/gps_msgs) by extension 'colcon_meta'
[0.608s] Level 1:colcon.colcon_core.package_identification:_identify(/home/jaiaditya/Lab4/src/gps_msgs) by extensions ['ros']
[0.608s] Level 1:colcon.colcon_core.package_identification:_identify(/home/jaiaditya/Lab4/src/gps_msgs) by extension 'ros'
[0.613s] DEBUG:colcon.colcon_core.package_identification:Package '/home/jaiaditya/Lab4/src/gps_msgs' with type 'ros.ament_cmake' and name 'gps_msgs'
[0.613s] Level 1:colcon.colcon_core.package_identification:_identify(/home/jaiaditya/Lab4/src/imu_msgs) by extensions ['ignore', 'ignore_ament_install']
[0.614s] Level 1:colcon.colcon_core.package_identification:_identify(/home/jaiaditya/Lab4/src/imu_msgs) by extension 'ignore'
[0.614s] Level 1:colcon.colcon_core.package_identification:_identify(/home/jaiaditya/Lab4/src/imu_msgs) by extension 'ignore_ament_install'
[0.614s] Level 1:colcon.colcon_core.package_identification:_identify(/home/jaiaditya/Lab4/src/imu_msgs) by extensions ['colcon_pkg']
[0.614s] Level 1:colcon.colcon_core.package_identification:_identify(/home/jaiaditya/Lab4/src/imu_msgs) by extension 'colcon_pkg'
[0.614s] Level 1:colcon.colcon_core.package_identification:_identify(/home/jaiaditya/Lab4/src/imu_msgs) by extensions ['colcon_meta']
[0.614s] Level 1:colcon.colcon_core.package_identification:_identify(/home/jaiaditya/Lab4/src/imu_msgs) by extension 'colcon_meta'
[0.614s] Level 1:colcon.colcon_core.package_identification:_identify(/home/jaiaditya/Lab4/src/imu_msgs) by extensions ['ros']
[0.614s] Level 1:colcon.colcon_core.package_identification:_identify(/home/jaiaditya/Lab4/src/imu_msgs) by extension 'ros'
[0.616s] DEBUG:colcon.colcon_core.package_identification:Package '/home/jaiaditya/Lab4/src/imu_msgs' with type 'ros.ament_cmake' and name 'imu_msgs'
[0.617s] Level 1:colcon.colcon_core.package_identification:_identify(/home/jaiaditya/Lab4/src/nav_driver) by extensions ['ignore', 'ignore_ament_install']
[0.617s] Level 1:colcon.colcon_core.package_identification:_identify(/home/jaiaditya/Lab4/src/nav_driver) by extension 'ignore'
[0.617s] Level 1:colcon.colcon_core.package_identification:_identify(/home/jaiaditya/Lab4/src/nav_driver) by extension 'ignore_ament_install'
[0.618s] Level 1:colcon.colcon_core.package_identification:_identify(/home/jaiaditya/Lab4/src/nav_driver) by extensions ['colcon_pkg']
[0.618s] Level 1:colcon.colcon_core.package_identification:_identify(/home/jaiaditya/Lab4/src/nav_driver) by extension 'colcon_pkg'
[0.618s] Level 1:colcon.colcon_core.package_identification:_identify(/home/jaiaditya/Lab4/src/nav_driver) by extensions ['colcon_meta']
[0.618s] Level 1:colcon.colcon_core.package_identification:_identify(/home/jaiaditya/Lab4/src/nav_driver) by extension 'colcon_meta'
[0.618s] Level 1:colcon.colcon_core.package_identification:_identify(/home/jaiaditya/Lab4/src/nav_driver) by extensions ['ros']
[0.618s] Level 1:colcon.colcon_core.package_identification:_identify(/home/jaiaditya/Lab4/src/nav_driver) by extension 'ros'
[0.620s] DEBUG:colcon.colcon_core.package_identification:Package '/home/jaiaditya/Lab4/src/nav_driver' with type 'ros.ament_python' and name 'nav_driver'
[0.620s] Level 1:colcon.colcon_core.package_discovery:discover_packages(recursive) using defaults
